<?xml version="1.0" encoding="UTF-8"?>
<!-- Generated by org.testng.reporters.JUnitXMLReporter -->
<testsuite hostname="Waynes-MacBook-Pro.local" name="Command line test" tests="3" failures="0" timestamp="29 Apr 2018 10:38:54 GMT" time="61.613" errors="0">
  <testcase name="hotelBookingScenario01" time="6.229" classname="za.co.hotelbooking.BookingTest"/>
  <testcase name="hotelBookingScenario02" time="4.599" classname="za.co.hotelbooking.BookingTest"/>
  <testcase name="hotelBookingScenario03" time="14.138" classname="za.co.hotelbooking.BookingTest"/>
</testsuite> <!-- Command line test -->
